2026-02-04 01:30:52,446 - ERROR - Error occurred
Traceback (most recent call last):
  File "C:\Users\romil\OneDrive\Desktop\trading_bot\main.py", line 31, in main
    client = BinanceClient()
             ^^^^^^^^^^^^^^^
  File "C:\Users\romil\OneDrive\Desktop\trading_bot\binance_client.py", line 14, in __init__
    raise Exception("API key or Secret not found")
Exception: API key or Secret not found
2026-02-04 01:32:50,565 - INFO - Binance client initialized
2026-02-04 01:32:50,566 - INFO - Sending order: {'symbol': 'BTCUSDT', 'side': 'BUY', 'type': 'MARKET', 'quantity': 0.001}
2026-02-04 01:32:51,816 - ERROR - Order error: APIError(code=-2014): API-key format invalid.
2026-02-04 01:32:51,816 - ERROR - Error occurred
Traceback (most recent call last):
  File "C:\Users\romil\OneDrive\Desktop\trading_bot\main.py", line 42, in main
    response = manager.create_order(
               ^^^^^^^^^^^^^^^^^^^^^
  File "C:\Users\romil\OneDrive\Desktop\trading_bot\order_manager.py", line 24, in create_order
    result = self.client.place_order(data)
             ^^^^^^^^^^^^^^^^^^^^^^^^^^^^^
  File "C:\Users\romil\OneDrive\Desktop\trading_bot\binance_client.py", line 27, in place_order
    return self.client.futures_create_order(**params)
           ^^^^^^^^^^^^^^^^^^^^^^^^^^^^^^^^^^^^^^^^^^
  File "C:\Users\romil\OneDrive\Desktop\trading_bot\venv\Lib\site-packages\binance\client.py", line 7867, in futures_create_order
    return self._request_futures_api("post", "order", True, data=params)
           ^^^^^^^^^^^^^^^^^^^^^^^^^^^^^^^^^^^^^^^^^^^^^^^^^^^^^^^^^^^^^
  File "C:\Users\romil\OneDrive\Desktop\trading_bot\venv\Lib\site-packages\binance\client.py", line 143, in _request_futures_api
    return self._request(method, uri, signed, force_params, **kwargs)
           ^^^^^^^^^^^^^^^^^^^^^^^^^^^^^^^^^^^^^^^^^^^^^^^^^^^^^^^^^^
  File "C:\Users\romil\OneDrive\Desktop\trading_bot\venv\Lib\site-packages\binance\client.py", line 106, in _request
    return self._handle_response(self.response)
           ^^^^^^^^^^^^^^^^^^^^^^^^^^^^^^^^^^^^
  File "C:\Users\romil\OneDrive\Desktop\trading_bot\venv\Lib\site-packages\binance\client.py", line 115, in _handle_response
    raise BinanceAPIException(response, response.status_code, response.text)
binance.exceptions.BinanceAPIException: APIError(code=-2014): API-key format invalid.
